[17Sep2025 22:53:57.189] [main/INFO] [cpw.mods.modlauncher.Launcher/MODLAUNCHER]: ModLauncher running: args [--launchTarget, neoforgeclientdev, --version, 21.4.137, --assetIndex, 19, --assetsDir, C:\\Users\\flame\\.gradle\\caches\\neoformruntime\\assets, --gameDir, ., --fml.fmlVersion, 6.0.11, --fml.mcVersion, 1.21.4, --fml.neoForgeVersion, 21.4.137, --fml.neoFormVersion, 20241203.161809]
[17Sep2025 22:53:57.191] [main/INFO] [cpw.mods.modlauncher.Launcher/MODLAUNCHER]: JVM identified as JetBrains s.r.o. OpenJDK 64-Bit Server VM 21.0.7+9-b895.130
[17Sep2025 22:53:57.192] [main/INFO] [cpw.mods.modlauncher.Launcher/MODLAUNCHER]: ModLauncher 11.0.4+main.d2e20e43 starting: java version 21.0.7 by JetBrains s.r.o.; OS Windows 11 arch amd64 version 10.0
[17Sep2025 22:53:57.297] [main/INFO] [net.neoforged.fml.loading.ImmediateWindowHandler/]: Loading ImmediateWindowProvider fmlearlywindow
[17Sep2025 22:53:57.436] [main/INFO] [EARLYDISPLAY/]: Trying GL version 4.6
[17Sep2025 22:53:57.691] [main/INFO] [EARLYDISPLAY/]: Requested GL version 4.6 got version 4.6
[17Sep2025 22:53:57.798] [main/INFO] [mixin/]: SpongePowered MIXIN Subsystem Version=0.8.7 Source=union:/C:/Users/flame/.gradle/caches/modules-2/files-2.1/net.fabricmc/sponge-mixin/0.15.2+mixin.0.8.7/2af2f021d8e02a0220dc27a7a72b4666d66d44ca/sponge-mixin-0.15.2+mixin.0.8.7.jar%23162!/ Service=ModLauncher Env=CLIENT
[17Sep2025 22:53:58.011] [pool-2-thread-1/INFO] [EARLYDISPLAY/]: GL info: NVIDIA GeForce RTX 3050 6GB Laptop GPU/PCIe/SSE2 GL version 4.6.0 NVIDIA 580.88, NVIDIA Corporation
[17Sep2025 22:53:58.232] [main/INFO] [net.neoforged.fml.loading.moddiscovery.locators.JarInJarDependencyLocator/]: Found 2 dependencies adding them to mods collection
[17Sep2025 22:53:58.233] [main/INFO] [net.neoforged.fml.loading.moddiscovery.ModDiscoverer/]: 
     Mod List:
		Name Version (Mod Id)

		ddblockstest 1.0.0 (ddblockstest)
		Minecraft 1.21.4 (minecraft)
		NeoForge 21.4.137 (neoforge)
[17Sep2025 22:53:58.943] [main/INFO] [cpw.mods.modlauncher.LaunchServiceHandler/MODLAUNCHER]: Launching target 'neoforgeclientdev' with arguments [--version, 21.4.137, --gameDir, ., --assetsDir, C:\Users\flame\.gradle\caches\neoformruntime\assets, --assetIndex, 19]
[17Sep2025 22:54:00.080] [Datafixer Bootstrap/INFO] [com.mojang.datafixers.DataFixerBuilder/]: 246 Datafixer optimizations took 303 milliseconds
[17Sep2025 22:54:00.199] [pool-7-thread-1/INFO] [MixinExtras|Service/]: Initializing MixinExtras via com.llamalad7.mixinextras.service.MixinExtrasServiceImpl(version=0.4.1).
[17Sep2025 22:54:03.753] [main/WARN] [net.minecraft.commands.Commands/]: Ambiguity between arguments [teleport, location] and [teleport, destination] with inputs: [0.1 -0.5 .9, 0 0 0]
[17Sep2025 22:54:03.754] [main/WARN] [net.minecraft.commands.Commands/]: Ambiguity between arguments [teleport, location] and [teleport, targets] with inputs: [0.1 -0.5 .9, 0 0 0]
[17Sep2025 22:54:03.756] [main/WARN] [net.minecraft.commands.Commands/]: Ambiguity between arguments [teleport, destination] and [teleport, targets] with inputs: [Player, 0123, @e, dd12be42-52a9-4a91-a8a1-11c01849e498]
[17Sep2025 22:54:03.757] [main/WARN] [net.minecraft.commands.Commands/]: Ambiguity between arguments [teleport, targets] and [teleport, destination] with inputs: [Player, 0123, dd12be42-52a9-4a91-a8a1-11c01849e498]
[17Sep2025 22:54:03.758] [main/WARN] [net.minecraft.commands.Commands/]: Ambiguity between arguments [teleport, targets, location] and [teleport, targets, destination] with inputs: [0.1 -0.5 .9, 0 0 0]
[17Sep2025 22:54:03.854] [Render thread/WARN] [net.minecraft.server.packs.VanillaPackResourcesBuilder/]: Assets URL 'union:/C:/Users/flame/MCreatorWorkspaces/ddblockstest/build/moddev/artifacts/neoforge-21.4.137.jar%23215!/assets/.mcassetsroot' uses unexpected schema
[17Sep2025 22:54:03.854] [Render thread/WARN] [net.minecraft.server.packs.VanillaPackResourcesBuilder/]: Assets URL 'union:/C:/Users/flame/MCreatorWorkspaces/ddblockstest/build/moddev/artifacts/neoforge-21.4.137.jar%23215!/data/.mcassetsroot' uses unexpected schema
[17Sep2025 22:54:03.874] [Render thread/INFO] [com.mojang.authlib.yggdrasil.YggdrasilAuthenticationService/]: Environment: Environment[sessionHost=https://sessionserver.mojang.com, servicesHost=https://api.minecraftservices.com, name=PROD]
[17Sep2025 22:54:03.881] [Render thread/INFO] [net.minecraft.client.Minecraft/]: Setting user: Dev
[17Sep2025 22:54:03.950] [Render thread/INFO] [net.minecraft.client.Minecraft/]: Backend library: LWJGL version 3.3.3+5
[17Sep2025 22:54:04.159] [modloading-worker-0/INFO] [net.neoforged.neoforge.common.NeoForgeMod/NEOFORGE-MOD]: NeoForge mod loading, version 21.4.137, for MC 1.21.4
[17Sep2025 22:54:04.921] [Render thread/INFO] [net.neoforged.neoforge.gametest.GameTestHooks/]: Enabled Gametest Namespaces: []
[17Sep2025 22:54:05.041] [Render thread/INFO] [net.minecraft.server.packs.resources.ReloadableResourceManager/]: Reloading ResourceManager: vanilla, mod_resources, mod/neoforge, mod/ddblockstest
[17Sep2025 22:54:05.118] [resourceLoad/INFO] [net.minecraft.client.gui.font.providers.UnihexProvider/]: Found unifont_all_no_pua-16.0.01.hex, loading
[17Sep2025 22:54:05.432] [resourceLoad/INFO] [net.minecraft.client.gui.font.providers.UnihexProvider/]: Found unifont_jp_patch-16.0.01.hex, loading
[17Sep2025 22:54:05.576] [Render thread/ERROR] [net.neoforged.fml.DeferredWorkQueue/]: Mod 'ddblockstest' encountered an error in a deferred task:
java.lang.NullPointerException: Trying to access unbound value: ResourceKey[minecraft:block / ddblockstest:dyeable_block]
	at TRANSFORMER/neoforge@21.4.137/net.neoforged.neoforge.registries.DeferredHolder.value(DeferredHolder.java:103) ~[neoforge-21.4.137.jar%23216!/:?]
	at TRANSFORMER/neoforge@21.4.137/net.neoforged.neoforge.registries.DeferredHolder.get(DeferredHolder.java:117) ~[neoforge-21.4.137.jar%23216!/:?]
	at TRANSFORMER/ddblockstest@1.0.0/net.starmarine.ddblockstest.client.ClientSetup.registerColorHandlers(ClientSetup.java:34) ~[%23217!/:?]
	at java.base/java.util.concurrent.CompletableFuture$AsyncRun.run(CompletableFuture.java:1804) ~[?:?]
	at MC-BOOTSTRAP/fml_loader@6.0.11/net.neoforged.fml.DeferredWorkQueue.lambda$makeRunnable$2(DeferredWorkQueue.java:67) ~[loader-6.0.11.jar%23173!/:6.0]
	at MC-BOOTSTRAP/fml_loader@6.0.11/net.neoforged.fml.DeferredWorkQueue.makeRunnable(DeferredWorkQueue.java:62) ~[loader-6.0.11.jar%23173!/:6.0]
	at MC-BOOTSTRAP/fml_loader@6.0.11/net.neoforged.fml.DeferredWorkQueue.lambda$runTasks$0(DeferredWorkQueue.java:47) ~[loader-6.0.11.jar%23173!/:6.0]
	at java.base/java.util.concurrent.ConcurrentLinkedDeque.forEach(ConcurrentLinkedDeque.java:1650) ~[?:?]
	at MC-BOOTSTRAP/fml_loader@6.0.11/net.neoforged.fml.DeferredWorkQueue.runTasks(DeferredWorkQueue.java:47) ~[loader-6.0.11.jar%23173!/:6.0]
	at java.base/java.util.concurrent.CompletableFuture$AsyncRun.run(CompletableFuture.java:1804) ~[?:?]
	at TRANSFORMER/minecraft@1.21.4/net.minecraft.server.packs.resources.SimpleReloadInstance.lambda$new$3(SimpleReloadInstance.java:83) ~[neoforge-21.4.137.jar%23215!/:?]
	at TRANSFORMER/minecraft@1.21.4/net.minecraft.util.thread.BlockableEventLoop.doRunTask(BlockableEventLoop.java:152) ~[neoforge-21.4.137.jar%23215!/:?]
	at TRANSFORMER/minecraft@1.21.4/net.minecraft.util.thread.ReentrantBlockableEventLoop.doRunTask(ReentrantBlockableEventLoop.java:24) ~[neoforge-21.4.137.jar%23215!/:?]
	at TRANSFORMER/minecraft@1.21.4/net.minecraft.util.thread.BlockableEventLoop.pollTask(BlockableEventLoop.java:126) ~[neoforge-21.4.137.jar%23215!/:?]
	at TRANSFORMER/minecraft@1.21.4/net.minecraft.util.thread.BlockableEventLoop.runAllTasks(BlockableEventLoop.java:115) ~[neoforge-21.4.137.jar%23215!/:?]
	at TRANSFORMER/minecraft@1.21.4/net.minecraft.client.Minecraft.runTick(Minecraft.java:1211) ~[neoforge-21.4.137.jar%23215!/:?]
	at TRANSFORMER/minecraft@1.21.4/net.minecraft.client.Minecraft.run(Minecraft.java:849) ~[neoforge-21.4.137.jar%23215!/:?]
	at TRANSFORMER/minecraft@1.21.4/net.minecraft.client.main.Main.main(Main.java:241) ~[neoforge-21.4.137.jar%23215!/:?]
	at java.base/jdk.internal.reflect.DirectMethodHandleAccessor.invoke(DirectMethodHandleAccessor.java:103) ~[?:?]
	at java.base/java.lang.reflect.Method.invoke(Method.java:580) ~[?:?]
	at MC-BOOTSTRAP/fml_loader@6.0.11/net.neoforged.fml.loading.targets.CommonLaunchHandler.runTarget(CommonLaunchHandler.java:128) ~[loader-6.0.11.jar%23173!/:6.0]
	at MC-BOOTSTRAP/fml_loader@6.0.11/net.neoforged.fml.loading.targets.CommonLaunchHandler.clientService(CommonLaunchHandler.java:120) ~[loader-6.0.11.jar%23173!/:6.0]
	at MC-BOOTSTRAP/fml_loader@6.0.11/net.neoforged.fml.loading.targets.NeoForgeClientDevLaunchHandler.runService(NeoForgeClientDevLaunchHandler.java:49) ~[loader-6.0.11.jar%23173!/:6.0]
	at MC-BOOTSTRAP/fml_loader@6.0.11/net.neoforged.fml.loading.targets.CommonLaunchHandler.lambda$launchService$4(CommonLaunchHandler.java:114) ~[loader-6.0.11.jar%23173!/:6.0]
	at MC-BOOTSTRAP/cpw.mods.modlauncher@11.0.4/cpw.mods.modlauncher.LaunchServiceHandlerDecorator.launch(LaunchServiceHandlerDecorator.java:30) [modlauncher-11.0.4.jar%23152!/:?]
	at MC-BOOTSTRAP/cpw.mods.modlauncher@11.0.4/cpw.mods.modlauncher.LaunchServiceHandler.launch(LaunchServiceHandler.java:53) [modlauncher-11.0.4.jar%23152!/:?]
	at MC-BOOTSTRAP/cpw.mods.modlauncher@11.0.4/cpw.mods.modlauncher.LaunchServiceHandler.launch(LaunchServiceHandler.java:71) [modlauncher-11.0.4.jar%23152!/:?]
	at MC-BOOTSTRAP/cpw.mods.modlauncher@11.0.4/cpw.mods.modlauncher.Launcher.run(Launcher.java:103) [modlauncher-11.0.4.jar%23152!/:?]
	at MC-BOOTSTRAP/cpw.mods.modlauncher@11.0.4/cpw.mods.modlauncher.Launcher.main(Launcher.java:74) [modlauncher-11.0.4.jar%23152!/:?]
	at MC-BOOTSTRAP/cpw.mods.modlauncher@11.0.4/cpw.mods.modlauncher.BootstrapLaunchConsumer.accept(BootstrapLaunchConsumer.java:26) [modlauncher-11.0.4.jar%23152!/:?]
	at MC-BOOTSTRAP/cpw.mods.modlauncher@11.0.4/cpw.mods.modlauncher.BootstrapLaunchConsumer.accept(BootstrapLaunchConsumer.java:23) [modlauncher-11.0.4.jar%23152!/:?]
	at cpw.mods.bootstraplauncher@2.0.2/cpw.mods.bootstraplauncher.BootstrapLauncher.run(BootstrapLauncher.java:210) [bootstraplauncher-2.0.2.jar:?]
	at cpw.mods.bootstraplauncher@2.0.2/cpw.mods.bootstraplauncher.BootstrapLauncher.main(BootstrapLauncher.java:69) [bootstraplauncher-2.0.2.jar:?]
	at java.base/jdk.internal.reflect.DirectMethodHandleAccessor.invoke(DirectMethodHandleAccessor.java:103) ~[?:?]
	at java.base/java.lang.reflect.Method.invoke(Method.java:580) ~[?:?]
	at net.neoforged.devlaunch.Main.main(Main.java:57) [DevLaunch-1.0.2.jar:?]
[17Sep2025 22:54:05.579] [Render thread/FATAL] [net.neoforged.fml.DeferredWorkQueue/LOADING]: Synchronous work queue completed exceptionally in 12.36 ms, see suppressed exceptions for details:
java.lang.RuntimeException: null
	at MC-BOOTSTRAP/fml_loader@6.0.11/net.neoforged.fml.DeferredWorkQueue.runTasks(DeferredWorkQueue.java:45) ~[loader-6.0.11.jar%23173!/:6.0]
	at java.base/java.util.concurrent.CompletableFuture$AsyncRun.run(CompletableFuture.java:1804) ~[?:?]
	at TRANSFORMER/minecraft@1.21.4/net.minecraft.server.packs.resources.SimpleReloadInstance.lambda$new$3(SimpleReloadInstance.java:83) ~[neoforge-21.4.137.jar%23215!/:?]
	at TRANSFORMER/minecraft@1.21.4/net.minecraft.util.thread.BlockableEventLoop.doRunTask(BlockableEventLoop.java:152) ~[neoforge-21.4.137.jar%23215!/:?]
	at TRANSFORMER/minecraft@1.21.4/net.minecraft.util.thread.ReentrantBlockableEventLoop.doRunTask(ReentrantBlockableEventLoop.java:24) ~[neoforge-21.4.137.jar%23215!/:?]
	at TRANSFORMER/minecraft@1.21.4/net.minecraft.util.thread.BlockableEventLoop.pollTask(BlockableEventLoop.java:126) ~[neoforge-21.4.137.jar%23215!/:?]
	at TRANSFORMER/minecraft@1.21.4/net.minecraft.util.thread.BlockableEventLoop.runAllTasks(BlockableEventLoop.java:115) ~[neoforge-21.4.137.jar%23215!/:?]
	at TRANSFORMER/minecraft@1.21.4/net.minecraft.client.Minecraft.runTick(Minecraft.java:1211) ~[neoforge-21.4.137.jar%23215!/:?]
	at TRANSFORMER/minecraft@1.21.4/net.minecraft.client.Minecraft.run(Minecraft.java:849) ~[neoforge-21.4.137.jar%23215!/:?]
	at TRANSFORMER/minecraft@1.21.4/net.minecraft.client.main.Main.main(Main.java:241) ~[neoforge-21.4.137.jar%23215!/:?]
	at java.base/jdk.internal.reflect.DirectMethodHandleAccessor.invoke(DirectMethodHandleAccessor.java:103) ~[?:?]
	at java.base/java.lang.reflect.Method.invoke(Method.java:580) ~[?:?]
	at MC-BOOTSTRAP/fml_loader@6.0.11/net.neoforged.fml.loading.targets.CommonLaunchHandler.runTarget(CommonLaunchHandler.java:128) ~[loader-6.0.11.jar%23173!/:6.0]
	at MC-BOOTSTRAP/fml_loader@6.0.11/net.neoforged.fml.loading.targets.CommonLaunchHandler.clientService(CommonLaunchHandler.java:120) ~[loader-6.0.11.jar%23173!/:6.0]
	at MC-BOOTSTRAP/fml_loader@6.0.11/net.neoforged.fml.loading.targets.NeoForgeClientDevLaunchHandler.runService(NeoForgeClientDevLaunchHandler.java:49) ~[loader-6.0.11.jar%23173!/:6.0]
	at MC-BOOTSTRAP/fml_loader@6.0.11/net.neoforged.fml.loading.targets.CommonLaunchHandler.lambda$launchService$4(CommonLaunchHandler.java:114) ~[loader-6.0.11.jar%23173!/:6.0]
	at MC-BOOTSTRAP/cpw.mods.modlauncher@11.0.4/cpw.mods.modlauncher.LaunchServiceHandlerDecorator.launch(LaunchServiceHandlerDecorator.java:30) [modlauncher-11.0.4.jar%23152!/:?]
	at MC-BOOTSTRAP/cpw.mods.modlauncher@11.0.4/cpw.mods.modlauncher.LaunchServiceHandler.launch(LaunchServiceHandler.java:53) [modlauncher-11.0.4.jar%23152!/:?]
	at MC-BOOTSTRAP/cpw.mods.modlauncher@11.0.4/cpw.mods.modlauncher.LaunchServiceHandler.launch(LaunchServiceHandler.java:71) [modlauncher-11.0.4.jar%23152!/:?]
	at MC-BOOTSTRAP/cpw.mods.modlauncher@11.0.4/cpw.mods.modlauncher.Launcher.run(Launcher.java:103) [modlauncher-11.0.4.jar%23152!/:?]
	at MC-BOOTSTRAP/cpw.mods.modlauncher@11.0.4/cpw.mods.modlauncher.Launcher.main(Launcher.java:74) [modlauncher-11.0.4.jar%23152!/:?]
	at MC-BOOTSTRAP/cpw.mods.modlauncher@11.0.4/cpw.mods.modlauncher.BootstrapLaunchConsumer.accept(BootstrapLaunchConsumer.java:26) [modlauncher-11.0.4.jar%23152!/:?]
	at MC-BOOTSTRAP/cpw.mods.modlauncher@11.0.4/cpw.mods.modlauncher.BootstrapLaunchConsumer.accept(BootstrapLaunchConsumer.java:23) [modlauncher-11.0.4.jar%23152!/:?]
	at cpw.mods.bootstraplauncher@2.0.2/cpw.mods.bootstraplauncher.BootstrapLauncher.run(BootstrapLauncher.java:210) [bootstraplauncher-2.0.2.jar:?]
	at cpw.mods.bootstraplauncher@2.0.2/cpw.mods.bootstraplauncher.BootstrapLauncher.main(BootstrapLauncher.java:69) [bootstraplauncher-2.0.2.jar:?]
	at java.base/jdk.internal.reflect.DirectMethodHandleAccessor.invoke(DirectMethodHandleAccessor.java:103) ~[?:?]
	at java.base/java.lang.reflect.Method.invoke(Method.java:580) ~[?:?]
	at net.neoforged.devlaunch.Main.main(Main.java:57) [DevLaunch-1.0.2.jar:?]
	Suppressed: java.lang.NullPointerException: Trying to access unbound value: ResourceKey[minecraft:block / ddblockstest:dyeable_block]
		at TRANSFORMER/neoforge@21.4.137/net.neoforged.neoforge.registries.DeferredHolder.value(DeferredHolder.java:103) ~[neoforge-21.4.137.jar%23216!/:?]
		at TRANSFORMER/neoforge@21.4.137/net.neoforged.neoforge.registries.DeferredHolder.get(DeferredHolder.java:117) ~[neoforge-21.4.137.jar%23216!/:?]
		at TRANSFORMER/ddblockstest@1.0.0/net.starmarine.ddblockstest.client.ClientSetup.registerColorHandlers(ClientSetup.java:34) ~[%23217!/:?]
		at java.base/java.util.concurrent.CompletableFuture$AsyncRun.run(CompletableFuture.java:1804) ~[?:?]
		at MC-BOOTSTRAP/fml_loader@6.0.11/net.neoforged.fml.DeferredWorkQueue.lambda$makeRunnable$2(DeferredWorkQueue.java:67) ~[loader-6.0.11.jar%23173!/:6.0]
		at MC-BOOTSTRAP/fml_loader@6.0.11/net.neoforged.fml.DeferredWorkQueue.makeRunnable(DeferredWorkQueue.java:62) ~[loader-6.0.11.jar%23173!/:6.0]
		at MC-BOOTSTRAP/fml_loader@6.0.11/net.neoforged.fml.DeferredWorkQueue.lambda$runTasks$0(DeferredWorkQueue.java:47) ~[loader-6.0.11.jar%23173!/:6.0]
		at java.base/java.util.concurrent.ConcurrentLinkedDeque.forEach(ConcurrentLinkedDeque.java:1650) ~[?:?]
		at MC-BOOTSTRAP/fml_loader@6.0.11/net.neoforged.fml.DeferredWorkQueue.runTasks(DeferredWorkQueue.java:47) ~[loader-6.0.11.jar%23173!/:6.0]
		at java.base/java.util.concurrent.CompletableFuture$AsyncRun.run(CompletableFuture.java:1804) ~[?:?]
		at TRANSFORMER/minecraft@1.21.4/net.minecraft.server.packs.resources.SimpleReloadInstance.lambda$new$3(SimpleReloadInstance.java:83) ~[neoforge-21.4.137.jar%23215!/:?]
		at TRANSFORMER/minecraft@1.21.4/net.minecraft.util.thread.BlockableEventLoop.doRunTask(BlockableEventLoop.java:152) ~[neoforge-21.4.137.jar%23215!/:?]
		at TRANSFORMER/minecraft@1.21.4/net.minecraft.util.thread.ReentrantBlockableEventLoop.doRunTask(ReentrantBlockableEventLoop.java:24) ~[neoforge-21.4.137.jar%23215!/:?]
		at TRANSFORMER/minecraft@1.21.4/net.minecraft.util.thread.BlockableEventLoop.pollTask(BlockableEventLoop.java:126) ~[neoforge-21.4.137.jar%23215!/:?]
		at TRANSFORMER/minecraft@1.21.4/net.minecraft.util.thread.BlockableEventLoop.runAllTasks(BlockableEventLoop.java:115) ~[neoforge-21.4.137.jar%23215!/:?]
		at TRANSFORMER/minecraft@1.21.4/net.minecraft.client.Minecraft.runTick(Minecraft.java:1211) ~[neoforge-21.4.137.jar%23215!/:?]
		at TRANSFORMER/minecraft@1.21.4/net.minecraft.client.Minecraft.run(Minecraft.java:849) ~[neoforge-21.4.137.jar%23215!/:?]
		at TRANSFORMER/minecraft@1.21.4/net.minecraft.client.main.Main.main(Main.java:241) ~[neoforge-21.4.137.jar%23215!/:?]
		at java.base/jdk.internal.reflect.DirectMethodHandleAccessor.invoke(DirectMethodHandleAccessor.java:103) ~[?:?]
		at java.base/java.lang.reflect.Method.invoke(Method.java:580) ~[?:?]
		at MC-BOOTSTRAP/fml_loader@6.0.11/net.neoforged.fml.loading.targets.CommonLaunchHandler.runTarget(CommonLaunchHandler.java:128) ~[loader-6.0.11.jar%23173!/:6.0]
		at MC-BOOTSTRAP/fml_loader@6.0.11/net.neoforged.fml.loading.targets.CommonLaunchHandler.clientService(CommonLaunchHandler.java:120) ~[loader-6.0.11.jar%23173!/:6.0]
		at MC-BOOTSTRAP/fml_loader@6.0.11/net.neoforged.fml.loading.targets.NeoForgeClientDevLaunchHandler.runService(NeoForgeClientDevLaunchHandler.java:49) ~[loader-6.0.11.jar%23173!/:6.0]
		at MC-BOOTSTRAP/fml_loader@6.0.11/net.neoforged.fml.loading.targets.CommonLaunchHandler.lambda$launchService$4(CommonLaunchHandler.java:114) ~[loader-6.0.11.jar%23173!/:6.0]
		at MC-BOOTSTRAP/cpw.mods.modlauncher@11.0.4/cpw.mods.modlauncher.LaunchServiceHandlerDecorator.launch(LaunchServiceHandlerDecorator.java:30) [modlauncher-11.0.4.jar%23152!/:?]
		at MC-BOOTSTRAP/cpw.mods.modlauncher@11.0.4/cpw.mods.modlauncher.LaunchServiceHandler.launch(LaunchServiceHandler.java:53) [modlauncher-11.0.4.jar%23152!/:?]
		at MC-BOOTSTRAP/cpw.mods.modlauncher@11.0.4/cpw.mods.modlauncher.LaunchServiceHandler.launch(LaunchServiceHandler.java:71) [modlauncher-11.0.4.jar%23152!/:?]
		at MC-BOOTSTRAP/cpw.mods.modlauncher@11.0.4/cpw.mods.modlauncher.Launcher.run(Launcher.java:103) [modlauncher-11.0.4.jar%23152!/:?]
		at MC-BOOTSTRAP/cpw.mods.modlauncher@11.0.4/cpw.mods.modlauncher.Launcher.main(Launcher.java:74) [modlauncher-11.0.4.jar%23152!/:?]
		at MC-BOOTSTRAP/cpw.mods.modlauncher@11.0.4/cpw.mods.modlauncher.BootstrapLaunchConsumer.accept(BootstrapLaunchConsumer.java:26) [modlauncher-11.0.4.jar%23152!/:?]
		at MC-BOOTSTRAP/cpw.mods.modlauncher@11.0.4/cpw.mods.modlauncher.BootstrapLaunchConsumer.accept(BootstrapLaunchConsumer.java:23) [modlauncher-11.0.4.jar%23152!/:?]
		at cpw.mods.bootstraplauncher@2.0.2/cpw.mods.bootstraplauncher.BootstrapLauncher.run(BootstrapLauncher.java:210) [bootstraplauncher-2.0.2.jar:?]
		at cpw.mods.bootstraplauncher@2.0.2/cpw.mods.bootstraplauncher.BootstrapLauncher.main(BootstrapLauncher.java:69) [bootstraplauncher-2.0.2.jar:?]
		at java.base/jdk.internal.reflect.DirectMethodHandleAccessor.invoke(DirectMethodHandleAccessor.java:103) ~[?:?]
		at java.base/java.lang.reflect.Method.invoke(Method.java:580) ~[?:?]
		at net.neoforged.devlaunch.Main.main(Main.java:57) [DevLaunch-1.0.2.jar:?]
[17Sep2025 22:54:05.588] [modloading-worker-0/FATAL] [net.neoforged.fml.ModLoader/LOADING]: Failed to wait for future Sided setup: Deferred Queue, 1 errors found
[17Sep2025 22:54:05.661] [resourceLoad/ERROR] [net.neoforged.fml.ModLoader/]: Cowardly refusing to send event net.neoforged.neoforge.client.event.ModelEvent$RegisterAdditional to a broken mod state
[17Sep2025 22:54:06.034] [resourceLoad/WARN] [net.minecraft.client.resources.model.ModelManager/]: Missing textures in model ddblockstest:mosslayer#inventory:
    minecraft:textures/atlas/blocks.png:minecraft:block/texture
[17Sep2025 22:54:06.035] [resourceLoad/ERROR] [net.neoforged.fml.ModLoader/]: Cowardly refusing to send event net.neoforged.neoforge.client.event.ModelEvent$ModifyBakingResult to a broken mod state
[17Sep2025 22:54:06.864] [Render thread/INFO] [com.mojang.blaze3d.audio.Library/]: OpenAL initialized on device OpenAL Soft on Speakers (Realtek(R) Audio)
[17Sep2025 22:54:06.865] [Render thread/INFO] [net.minecraft.client.sounds.SoundEngine/SOUNDS]: Sound engine started
[17Sep2025 22:54:06.865] [Render thread/ERROR] [net.neoforged.fml.ModLoader/]: Cowardly refusing to send event net.neoforged.neoforge.client.event.sound.SoundEngineLoadEvent to a broken mod state
[17Sep2025 22:54:06.998] [Render thread/INFO] [net.minecraft.client.renderer.texture.TextureAtlas/]: Created: 1024x512x2 minecraft:textures/atlas/blocks.png-atlas
[17Sep2025 22:54:07.003] [Render thread/ERROR] [net.neoforged.fml.ModLoader/]: Cowardly refusing to send event net.neoforged.neoforge.client.event.TextureAtlasStitchedEvent to a broken mod state
[17Sep2025 22:54:07.004] [Render thread/INFO] [net.minecraft.client.renderer.texture.TextureAtlas/]: Created: 256x256x2 minecraft:textures/atlas/signs.png-atlas
[17Sep2025 22:54:07.004] [Render thread/ERROR] [net.neoforged.fml.ModLoader/]: Cowardly refusing to send event net.neoforged.neoforge.client.event.TextureAtlasStitchedEvent to a broken mod state
[17Sep2025 22:54:07.004] [Render thread/INFO] [net.minecraft.client.renderer.texture.TextureAtlas/]: Created: 512x512x2 minecraft:textures/atlas/shield_patterns.png-atlas
[17Sep2025 22:54:07.004] [Render thread/ERROR] [net.neoforged.fml.ModLoader/]: Cowardly refusing to send event net.neoforged.neoforge.client.event.TextureAtlasStitchedEvent to a broken mod state
[17Sep2025 22:54:07.004] [Render thread/INFO] [net.minecraft.client.renderer.texture.TextureAtlas/]: Created: 512x512x2 minecraft:textures/atlas/banner_patterns.png-atlas
[17Sep2025 22:54:07.005] [Render thread/ERROR] [net.neoforged.fml.ModLoader/]: Cowardly refusing to send event net.neoforged.neoforge.client.event.TextureAtlasStitchedEvent to a broken mod state
[17Sep2025 22:54:07.005] [Render thread/INFO] [net.minecraft.client.renderer.texture.TextureAtlas/]: Created: 2048x1024x2 minecraft:textures/atlas/armor_trims.png-atlas
[17Sep2025 22:54:07.007] [Render thread/ERROR] [net.neoforged.fml.ModLoader/]: Cowardly refusing to send event net.neoforged.neoforge.client.event.TextureAtlasStitchedEvent to a broken mod state
[17Sep2025 22:54:07.007] [Render thread/INFO] [net.minecraft.client.renderer.texture.TextureAtlas/]: Created: 256x256x2 minecraft:textures/atlas/chest.png-atlas
[17Sep2025 22:54:07.007] [Render thread/ERROR] [net.neoforged.fml.ModLoader/]: Cowardly refusing to send event net.neoforged.neoforge.client.event.TextureAtlasStitchedEvent to a broken mod state
[17Sep2025 22:54:07.007] [Render thread/INFO] [net.minecraft.client.renderer.texture.TextureAtlas/]: Created: 128x64x2 minecraft:textures/atlas/decorated_pot.png-atlas
[17Sep2025 22:54:07.007] [Render thread/ERROR] [net.neoforged.fml.ModLoader/]: Cowardly refusing to send event net.neoforged.neoforge.client.event.TextureAtlasStitchedEvent to a broken mod state
[17Sep2025 22:54:07.007] [Render thread/INFO] [net.minecraft.client.renderer.texture.TextureAtlas/]: Created: 512x256x2 minecraft:textures/atlas/beds.png-atlas
[17Sep2025 22:54:07.007] [Render thread/ERROR] [net.neoforged.fml.ModLoader/]: Cowardly refusing to send event net.neoforged.neoforge.client.event.TextureAtlasStitchedEvent to a broken mod state
[17Sep2025 22:54:07.007] [Render thread/INFO] [net.minecraft.client.renderer.texture.TextureAtlas/]: Created: 512x256x2 minecraft:textures/atlas/shulker_boxes.png-atlas
[17Sep2025 22:54:07.008] [Render thread/ERROR] [net.neoforged.fml.ModLoader/]: Cowardly refusing to send event net.neoforged.neoforge.client.event.TextureAtlasStitchedEvent to a broken mod state
[17Sep2025 22:54:07.008] [Render thread/ERROR] [net.neoforged.fml.ModLoader/]: Cowardly refusing to send event net.neoforged.neoforge.client.event.ModelEvent$BakingCompleted to a broken mod state
[17Sep2025 22:54:07.009] [Render thread/INFO] [net.minecraft.client.renderer.texture.TextureAtlas/]: Created: 64x64x0 minecraft:textures/atlas/map_decorations.png-atlas
[17Sep2025 22:54:07.010] [Render thread/ERROR] [net.neoforged.fml.ModLoader/]: Cowardly refusing to send event net.neoforged.neoforge.client.event.TextureAtlasStitchedEvent to a broken mod state
[17Sep2025 22:54:07.106] [Render thread/ERROR] [net.neoforged.fml.ModLoader/]: Cowardly refusing to send event net.neoforged.neoforge.client.event.EntityRenderersEvent$AddLayers to a broken mod state
[17Sep2025 22:54:07.118] [Render thread/INFO] [net.minecraft.client.renderer.texture.TextureAtlas/]: Created: 512x256x0 minecraft:textures/atlas/particles.png-atlas
[17Sep2025 22:54:07.119] [Render thread/ERROR] [net.neoforged.fml.ModLoader/]: Cowardly refusing to send event net.neoforged.neoforge.client.event.TextureAtlasStitchedEvent to a broken mod state
[17Sep2025 22:54:07.119] [Render thread/INFO] [net.minecraft.client.renderer.texture.TextureAtlas/]: Created: 512x256x0 minecraft:textures/atlas/paintings.png-atlas
[17Sep2025 22:54:07.120] [Render thread/ERROR] [net.neoforged.fml.ModLoader/]: Cowardly refusing to send event net.neoforged.neoforge.client.event.TextureAtlasStitchedEvent to a broken mod state
[17Sep2025 22:54:07.120] [Render thread/INFO] [net.minecraft.client.renderer.texture.TextureAtlas/]: Created: 256x128x0 minecraft:textures/atlas/mob_effects.png-atlas
[17Sep2025 22:54:07.120] [Render thread/ERROR] [net.neoforged.fml.ModLoader/]: Cowardly refusing to send event net.neoforged.neoforge.client.event.TextureAtlasStitchedEvent to a broken mod state
[17Sep2025 22:54:07.120] [Render thread/INFO] [net.minecraft.client.renderer.texture.TextureAtlas/]: Created: 1024x512x0 minecraft:textures/atlas/gui.png-atlas
[17Sep2025 22:54:07.120] [Render thread/ERROR] [net.neoforged.fml.ModLoader/]: Cowardly refusing to send event net.neoforged.neoforge.client.event.TextureAtlasStitchedEvent to a broken mod state
[17Sep2025 22:54:07.125] [Render thread/INFO] [net.neoforged.neoforge.client.entity.animation.json.AnimationLoader/]: Loaded 0 entity animations
[17Sep2025 22:54:07.198] [Render thread/ERROR] [net.minecraft.CrashReport/]: Negative index in crash report handler (0/31)
[17Sep2025 22:54:07.208] [Render thread/FATAL] [net.neoforged.neoforge.common.NeoForgeMod/]: Preparing crash report with UUID 421afe5a-3768-49bf-9502-6751874db051
[17Sep2025 22:54:07.209] [Render thread/FATAL] [net.neoforged.neoforge.client.loading.ClientModLoader/]: Crash report saved to .\crash-reports\crash-2025-09-17_22.54.07-fml.txt
[17Sep2025 22:54:07.210] [Render thread/FATAL] [net.neoforged.neoforge.common.NeoForgeMod/]: Preparing crash report with UUID 39535003-c822-4b86-9a6a-5afc14655361
